Determining if the pthread_create exist failed with the following output:
Change Dir: /home/nvidia/Desktop/a_miaosuan_v6.3.1_new_watcher/build/CMakeFiles/CMakeTmp

Run Build Command:"/usr/bin/make" "cmTC_d042d/fast"
/usr/bin/make -f CMakeFiles/cmTC_d042d.dir/build.make CMakeFiles/cmTC_d042d.dir/build
make[1]: Entering directory '/home/nvidia/Desktop/a_miaosuan_v6.3.1_new_watcher/build/CMakeFiles/CMakeTmp'
Building C object CMakeFiles/cmTC_d042d.dir/CheckSymbolExists.c.o
/usr/bin/cc   -fPIC    -o CMakeFiles/cmTC_d042d.dir/CheckSymbolExists.c.o   -c /home/nvidia/Desktop/a_miaosuan_v6.3.1_new_watcher/build/CMakeFiles/CMakeTmp/CheckSymbolExists.c
Linking C executable cmTC_d042d
/usr/bin/cmake -E cmake_link_script CMakeFiles/cmTC_d042d.dir/link.txt --verbose=1
/usr/bin/cc -fPIC     CMakeFiles/cmTC_d042d.dir/CheckSymbolExists.c.o  -o cmTC_d042d 
CMakeFiles/cmTC_d042d.dir/CheckSymbolExists.c.o: In function `main':
CheckSymbolExists.c:(.text+0x14): undefined reference to `pthread_create'
CheckSymbolExists.c:(.text+0x18): undefined reference to `pthread_create'
collect2: error: ld returned 1 exit status
CMakeFiles/cmTC_d042d.dir/build.make:97: recipe for target 'cmTC_d042d' failed
make[1]: *** [cmTC_d042d] Error 1
make[1]: Leaving directory '/home/nvidia/Desktop/a_miaosuan_v6.3.1_new_watcher/build/CMakeFiles/CMakeTmp'
Makefile:126: recipe for target 'cmTC_d042d/fast' failed
make: *** [cmTC_d042d/fast] Error 2

File /home/nvidia/Desktop/a_miaosuan_v6.3.1_new_watcher/build/CMakeFiles/CMakeTmp/CheckSymbolExists.c:
/* */
#include <pthread.h>

int main(int argc, char** argv)
{
  (void)argv;
#ifndef pthread_create
  return ((int*)(&pthread_create))[argc];
#else
  (void)argc;
  return 0;
#endif
}

Determining if the function pthread_create exists in the pthreads failed with the following output:
Change Dir: /home/nvidia/Desktop/a_miaosuan_v6.3.1_new_watcher/build/CMakeFiles/CMakeTmp

Run Build Command:"/usr/bin/make" "cmTC_cc584/fast"
/usr/bin/make -f CMakeFiles/cmTC_cc584.dir/build.make CMakeFiles/cmTC_cc584.dir/build
make[1]: Entering directory '/home/nvidia/Desktop/a_miaosuan_v6.3.1_new_watcher/build/CMakeFiles/CMakeTmp'
Building C object CMakeFiles/cmTC_cc584.dir/CheckFunctionExists.c.o
/usr/bin/cc   -fPIC -DCHECK_FUNCTION_EXISTS=pthread_create   -o CMakeFiles/cmTC_cc584.dir/CheckFunctionExists.c.o   -c /usr/share/cmake-3.10/Modules/CheckFunctionExists.c
Linking C executable cmTC_cc584
/usr/bin/cmake -E cmake_link_script CMakeFiles/cmTC_cc584.dir/link.txt --verbose=1
/usr/bin/cc -fPIC -DCHECK_FUNCTION_EXISTS=pthread_create    CMakeFiles/cmTC_cc584.dir/CheckFunctionExists.c.o  -o cmTC_cc584 -lpthreads 
/usr/bin/ld: cannot find -lpthreads
collect2: error: ld returned 1 exit status
CMakeFiles/cmTC_cc584.dir/build.make:97: recipe for target 'cmTC_cc584' failed
make[1]: *** [cmTC_cc584] Error 1
make[1]: Leaving directory '/home/nvidia/Desktop/a_miaosuan_v6.3.1_new_watcher/build/CMakeFiles/CMakeTmp'
Makefile:126: recipe for target 'cmTC_cc584/fast' failed
make: *** [cmTC_cc584/fast] Error 2


