Determining if the pthread_create exist failed with the following output:
Change Dir: /home/nvidia/Desktop/a_miaosuan_v6.3.1_new_watcher/build3/CMakeFiles/CMakeTmp

Run Build Command:"/usr/bin/make" "cmTC_a43c2/fast"
/usr/bin/make -f CMakeFiles/cmTC_a43c2.dir/build.make CMakeFiles/cmTC_a43c2.dir/build
make[1]: Entering directory '/home/nvidia/Desktop/a_miaosuan_v6.3.1_new_watcher/build3/CMakeFiles/CMakeTmp'
Building C object CMakeFiles/cmTC_a43c2.dir/CheckSymbolExists.c.o
/usr/bin/cc   -fPIC    -o CMakeFiles/cmTC_a43c2.dir/CheckSymbolExists.c.o   -c /home/nvidia/Desktop/a_miaosuan_v6.3.1_new_watcher/build3/CMakeFiles/CMakeTmp/CheckSymbolExists.c
Linking C executable cmTC_a43c2
/usr/bin/cmake -E cmake_link_script CMakeFiles/cmTC_a43c2.dir/link.txt --verbose=1
/usr/bin/cc -fPIC     CMakeFiles/cmTC_a43c2.dir/CheckSymbolExists.c.o  -o cmTC_a43c2 
CMakeFiles/cmTC_a43c2.dir/CheckSymbolExists.c.o: In function `main':
CheckSymbolExists.c:(.text+0x14): undefined reference to `pthread_create'
CheckSymbolExists.c:(.text+0x18): undefined reference to `pthread_create'
collect2: error: ld returned 1 exit status
CMakeFiles/cmTC_a43c2.dir/build.make:97: recipe for target 'cmTC_a43c2' failed
make[1]: *** [cmTC_a43c2] Error 1
make[1]: Leaving directory '/home/nvidia/Desktop/a_miaosuan_v6.3.1_new_watcher/build3/CMakeFiles/CMakeTmp'
Makefile:126: recipe for target 'cmTC_a43c2/fast' failed
make: *** [cmTC_a43c2/fast] Error 2

File /home/nvidia/Desktop/a_miaosuan_v6.3.1_new_watcher/build3/CMakeFiles/CMakeTmp/CheckSymbolExists.c:
/* */
#include <pthread.h>

int main(int argc, char** argv)
{
  (void)argv;
#ifndef pthread_create
  return ((int*)(&pthread_create))[argc];
#else
  (void)argc;
  return 0;
#endif
}

Determining if the function pthread_create exists in the pthreads failed with the following output:
Change Dir: /home/nvidia/Desktop/a_miaosuan_v6.3.1_new_watcher/build3/CMakeFiles/CMakeTmp

Run Build Command:"/usr/bin/make" "cmTC_d5edd/fast"
/usr/bin/make -f CMakeFiles/cmTC_d5edd.dir/build.make CMakeFiles/cmTC_d5edd.dir/build
make[1]: Entering directory '/home/nvidia/Desktop/a_miaosuan_v6.3.1_new_watcher/build3/CMakeFiles/CMakeTmp'
Building C object CMakeFiles/cmTC_d5edd.dir/CheckFunctionExists.c.o
/usr/bin/cc   -fPIC -DCHECK_FUNCTION_EXISTS=pthread_create   -o CMakeFiles/cmTC_d5edd.dir/CheckFunctionExists.c.o   -c /usr/share/cmake-3.10/Modules/CheckFunctionExists.c
Linking C executable cmTC_d5edd
/usr/bin/cmake -E cmake_link_script CMakeFiles/cmTC_d5edd.dir/link.txt --verbose=1
/usr/bin/cc -fPIC -DCHECK_FUNCTION_EXISTS=pthread_create    CMakeFiles/cmTC_d5edd.dir/CheckFunctionExists.c.o  -o cmTC_d5edd -lpthreads 
/usr/bin/ld: cannot find -lpthreads
collect2: error: ld returned 1 exit status
CMakeFiles/cmTC_d5edd.dir/build.make:97: recipe for target 'cmTC_d5edd' failed
make[1]: *** [cmTC_d5edd] Error 1
make[1]: Leaving directory '/home/nvidia/Desktop/a_miaosuan_v6.3.1_new_watcher/build3/CMakeFiles/CMakeTmp'
Makefile:126: recipe for target 'cmTC_d5edd/fast' failed
make: *** [cmTC_d5edd/fast] Error 2


